<?xml version="1.0" encoding="UTF-8"?>
<testng-results skipped="0" failed="0" ignored="0" total="1" passed="1">
  <reporter-output>
  </reporter-output>
  <suite name="Default suite" duration-ms="72515" started-at="2021-05-21T05:37:43Z" finished-at="2021-05-21T05:38:56Z">
    <groups>
    </groups>
    <test name="Default test" duration-ms="72515" started-at="2021-05-21T05:37:43Z" finished-at="2021-05-21T05:38:56Z">
      <class name="test.lonicTest">
        <test-method status="PASS" signature="setupClass()[pri:0, instance:test.lonicTest@59d016c9]" name="setupClass" is-config="true" duration-ms="1188" started-at="2021-05-21T05:37:43Z" finished-at="2021-05-21T05:37:44Z">
          <reporter-output>
          </reporter-output>
        </test-method> <!-- setupClass -->
        <test-method status="PASS" signature="setupTest()[pri:0, instance:test.lonicTest@59d016c9]" name="setupTest" is-config="true" duration-ms="1453" started-at="2021-05-21T05:37:44Z" finished-at="2021-05-21T05:37:46Z">
          <reporter-output>
          </reporter-output>
        </test-method> <!-- setupTest -->
        <test-method status="PASS" signature="changeSceneAndViewPort()[pri:0, instance:test.lonicTest@59d016c9]" name="changeSceneAndViewPort" duration-ms="69187" started-at="2021-05-21T05:37:46Z" finished-at="2021-05-21T05:38:55Z">
          <reporter-output>
          </reporter-output>
        </test-method> <!-- changeSceneAndViewPort -->
        <test-method status="PASS" signature="after()[pri:0, instance:test.lonicTest@59d016c9]" name="after" is-config="true" duration-ms="675" started-at="2021-05-21T05:38:55Z" finished-at="2021-05-21T05:38:56Z">
          <reporter-output>
          </reporter-output>
        </test-method> <!-- after -->
      </class> <!-- test.lonicTest -->
    </test> <!-- Default test -->
  </suite> <!-- Default suite -->
</testng-results>
