<?xml version="1.0" encoding="UTF-8"?>
<testng-results ignored="0" total="1" passed="1" failed="0" skipped="0">
  <reporter-output>
  </reporter-output>
  <suite started-at="2021-05-21T09:08:13Z" name="Default suite" finished-at="2021-05-21T09:09:23Z" duration-ms="70714">
    <groups>
    </groups>
    <test started-at="2021-05-21T09:08:13Z" name="Default test" finished-at="2021-05-21T09:09:23Z" duration-ms="70714">
      <class name="test.lonicTest">
        <test-method is-config="true" signature="setupClass()[pri:0, instance:test.lonicTest@909217e]" started-at="2021-05-21T09:08:13Z" name="setupClass" finished-at="2021-05-21T09:08:15Z" duration-ms="2118" status="PASS">
          <reporter-output>
          </reporter-output>
        </test-method> <!-- setupClass -->
        <test-method is-config="true" signature="setupTest()[pri:0, instance:test.lonicTest@909217e]" started-at="2021-05-21T09:08:15Z" name="setupTest" finished-at="2021-05-21T09:08:16Z" duration-ms="909" status="PASS">
          <reporter-output>
          </reporter-output>
        </test-method> <!-- setupTest -->
        <test-method signature="changeSceneAndViewPort()[pri:0, instance:test.lonicTest@909217e]" started-at="2021-05-21T09:08:16Z" name="changeSceneAndViewPort" finished-at="2021-05-21T09:09:23Z" duration-ms="67511" status="PASS">
          <reporter-output>
          </reporter-output>
        </test-method> <!-- changeSceneAndViewPort -->
        <test-method is-config="true" signature="after()[pri:0, instance:test.lonicTest@909217e]" started-at="2021-05-21T09:09:23Z" name="after" finished-at="2021-05-21T09:09:23Z" duration-ms="162" status="PASS">
          <reporter-output>
          </reporter-output>
        </test-method> <!-- after -->
      </class> <!-- test.lonicTest -->
    </test> <!-- Default test -->
  </suite> <!-- Default suite -->
</testng-results>
